<?xml version="1.0" encoding="UTF-8"?>
<testng-results skipped="0" failed="0" ignored="0" total="1" passed="1">
  <reporter-output>
  </reporter-output>
  <suite name="Default suite" duration-ms="50812" started-at="2022-11-18T17:30:03 IST" finished-at="2022-11-18T17:30:54 IST">
    <groups>
    </groups>
    <test name="Default test" duration-ms="50812" started-at="2022-11-18T17:30:03 IST" finished-at="2022-11-18T17:30:54 IST">
      <class name="HandleDynamicWebTable.DynamicWebTable">
        <test-method status="PASS" signature="Test()[pri:0, instance:HandleDynamicWebTable.DynamicWebTable@63e2203c]" name="Test" duration-ms="50596" started-at="2022-11-18T17:30:03 IST" finished-at="2022-11-18T17:30:54 IST">
          <reporter-output>
          </reporter-output>
        </test-method> <!-- Test -->
      </class> <!-- HandleDynamicWebTable.DynamicWebTable -->
    </test> <!-- Default test -->
  </suite> <!-- Default suite -->
</testng-results>
