<?xml version="1.0" encoding="UTF-8"?>
<!-- Generated by org.testng.reporters.JUnitXMLReporter -->
<testsuite hostname="DESKTOP-U5FT8QJ" ignored="0" name="Test" tests="1" failures="1" timestamp="2022-11-14T12:21:27 IST" time="17.301" errors="0">
  <testcase name="login" time="17.216" classname="Parameters.ParameterDemo">
    <failure type="java.lang.AssertionError" message="expected [https://www.saucedemo.com/inventory.html] but found [https://www.saucedemo.com/]">
      <![CDATA[java.lang.AssertionError: expected [https://www.saucedemo.com/inventory.html] but found [https://www.saucedemo.com/]
at Parameters.ParameterDemo.login(ParameterDemo.java:43)
at java.util.ArrayList.forEach(Unknown Source)
... Removed 33 stack frames]]>
    </failure>
  </testcase> <!-- login -->
</testsuite> <!-- Test -->
